#
# There is insufficient memory for the Java Runtime Environment to continue.
# Native memory allocation (mmap) failed to map 268435456 bytes for Failed to commit area from 0x0000000700e00000 to 0x0000000710e00000 of length 268435456.
# Possible reasons:
#   The system is out of physical RAM or swap space
#   The process is running with CompressedOops enabled, and the Java Heap may be blocking the growth of the native heap
# Possible solutions:
#   Reduce memory load on the system
#   Increase physical memory or swap space
#   Check if swap backing store is full
#   Decrease Java heap size (-Xmx/-Xms)
#   Decrease number of Java threads
#   Decrease Java thread stack sizes (-Xss)
#   Set larger code cache with -XX:ReservedCodeCacheSize=
#   JVM is running with Zero Based Compressed Oops mode in which the Java heap is
#     placed in the first 32GB address space. The Java Heap base address is the
#     maximum limit for the native heap growth. Please use -XX:HeapBaseMinAddress
#     to set the Java Heap base and to place the Java Heap above 32GB virtual address.
# This output file may be truncated or incomplete.
#
#  Out of Memory Error (./open/src/hotspot/os/windows/os_windows.cpp:3315), pid=12416, tid=9932
#
# JRE version:  (14.0.2+12) (build )
# Java VM: Java HotSpot(TM) 64-Bit Server VM (14.0.2+12-46, mixed mode, sharing, tiered, compressed oops, g1 gc, windows-amd64)
# No core dump will be written. Minidumps are not enabled by default on client versions of Windows
#

---------------  S U M M A R Y ------------

Command Line: -javaagent:C:\Program Files\JetBrains\IntelliJ IDEA Community Edition 2020.1.3\lib\idea_rt.jar=64584:C:\Program Files\JetBrains\IntelliJ IDEA Community Edition 2020.1.3\bin -Dfile.encoding=UTF-8 com.company.Main

Host: Intel(R) Core(TM) i5-8400 CPU @ 2.80GHz, 6 cores, 15G,  Windows 10 , 64 bit Build 17763 (10.0.17763.1339)
Time: Thu Jul 30 11:57:54 2020 Oeieyiaey (eaoi) elapsed time: 0 seconds (0d 0h 0m 0s)

---------------  T H R E A D  ---------------

Current thread (0x000001e596fc2800):  JavaThread "Unknown thread" [_thread_in_vm, id=9932, stack(0x0000005967900000,0x0000005967a00000)]

Stack: [0x0000005967900000,0x0000005967a00000]
Native frames: (J=compiled Java code, j=interpreted, Vv=VM code, C=native code)
V  [jvm.dll+0x5f8a9a]
V  [jvm.dll+0x74247a]
V  [jvm.dll+0x743c2f]
V  [jvm.dll+0x744273]
V  [jvm.dll+0x20d288]
V  [jvm.dll+0x5f5dea]
V  [jvm.dll+0x5eac45]
V  [jvm.dll+0x2c7e9c]
V  [jvm.dll+0x2c7cd2]
V  [jvm.dll+0x2cdbbc]
V  [jvm.dll+0x313fe8]
V  [jvm.dll+0x313710]
V  [jvm.dll+0x2a092a]
V  [jvm.dll+0x2a1a79]
V  [jvm.dll+0x71fd48]
V  [jvm.dll+0x321c14]
V  [jvm.dll+0x70112c]
V  [jvm.dll+0x392def]
V  [jvm.dll+0x394e61]
C  [jli.dll+0x524b]
C  [ucrtbase.dll+0x21ffa]
C  [KERNEL32.DLL+0x17974]
C  [ntdll.dll+0x6a271]


---------------  P R O C E S S  ---------------

Threads class SMR info:
_java_thread_list=0x00007ffcf9883038, length=0, elements={
}

Java Threads: ( => current thread )

Other Threads:
  0x000001e59702a000 GCTaskThread "GC Thread#0" [stack: 0x0000005967a00000,0x0000005967b00000] [id=6788]
  0x000001e59704b800 ConcurrentGCThread "G1 Main Marker" [stack: 0x0000005967b00000,0x0000005967c00000] [id=13276]
  0x000001e59704f800 ConcurrentGCThread "G1 Conc#0" [stack: 0x0000005967c00000,0x0000005967d00000] [id=13964]

[error occurred during error reporting (printing all threads), id 0xc0000005, EXCEPTION_ACCESS_VIOLATION (0xc0000005) at pc=0x00007ffcf90b1257]

VM state:not at safepoint (not fully initialized)

VM Mutex/Monitor currently owned by a thread:  ([mutex/lock_event])
[0x000001e596fbf740] Heap_lock - owner thread: 0x000001e596fc2800

Heap address: 0x0000000700e00000, size: 4082 MB, Compressed Oops mode: Zero based, Oop shift amount: 3
Narrow klass base: 0x0000000000000000, Narrow klass shift: 0

GC Heap History (0 events):
No events

Deoptimization events (0 events):
No events

Classes unloaded (0 events):
No events

Classes redefined (0 events):
No events

Internal exceptions (0 events):
No events

Events (2 events):
Event: 0.009 Loaded shared library C:\Program Files\Java\jdk-14.0.2\bin\java.dll
Event: 0.009 Loaded shared library C:\Program Files\Java\jdk-14.0.2\bin\zip.dll


Dynamic libraries:
0x00007ff7b5000000 - 0x00007ff7b500f000 	C:\Program Files\Java\jdk-14.0.2\bin\java.exe
0x00007ffd429a0000 - 0x00007ffd42b8d000 	C:\Windows\SYSTEM32\ntdll.dll
0x00007ffd0c0c0000 - 0x00007ffd0c0d3000 	C:\Program Files\AVAST Software\Avast\aswhook.dll
0x00007ffd41df0000 - 0x00007ffd41ea3000 	C:\Windows\System32\KERNEL32.DLL
0x00007ffd3f920000 - 0x00007ffd3fbb5000 	C:\Windows\System32\KERNELBASE.dll
0x00007ffd3ec70000 - 0x00007ffd3ed6a000 	C:\Windows\System32\ucrtbase.dll
0x00007ffd2a6d0000 - 0x00007ffd2a6e8000 	C:\Program Files\Java\jdk-14.0.2\bin\jli.dll
0x00007ffd40040000 - 0x00007ffd400e3000 	C:\Windows\System32\ADVAPI32.dll
0x00007ffd421e0000 - 0x00007ffd4227e000 	C:\Windows\System32\msvcrt.dll
0x00007ffd428d0000 - 0x00007ffd4296e000 	C:\Windows\System32\sechost.dll
0x00007ffd3fde0000 - 0x00007ffd3ff02000 	C:\Windows\System32\RPCRT4.dll
0x00007ffd40220000 - 0x00007ffd403b7000 	C:\Windows\System32\USER32.dll
0x00007ffd3ee40000 - 0x00007ffd3ee60000 	C:\Windows\System32\win32u.dll
0x00007ffd428a0000 - 0x00007ffd428c9000 	C:\Windows\System32\GDI32.dll
0x00007ffd3ea50000 - 0x00007ffd3ebeb000 	C:\Windows\System32\gdi32full.dll
0x00007ffd3eda0000 - 0x00007ffd3ee40000 	C:\Windows\System32\msvcp_win.dll
0x00007ffd2a240000 - 0x00007ffd2a255000 	C:\Program Files\Java\jdk-14.0.2\bin\VCRUNTIME140.dll
0x00007ffd2c570000 - 0x00007ffd2c7e9000 	C:\Windows\WinSxS\amd64_microsoft.windows.common-controls_6595b64144ccf1df_6.0.17763.1339_none_de7015e4534c7114\COMCTL32.dll
0x00007ffd41eb0000 - 0x00007ffd421dc000 	C:\Windows\System32\combase.dll
0x00007ffd3ebf0000 - 0x00007ffd3ec6e000 	C:\Windows\System32\bcryptPrimitives.dll
0x00007ffd3ac20000 - 0x00007ffd3ac2a000 	C:\Windows\SYSTEM32\VERSION.dll
0x00007ffd41940000 - 0x00007ffd4196e000 	C:\Windows\System32\IMM32.DLL
0x00007ffd0bc70000 - 0x00007ffd0bd0b000 	C:\Program Files\Java\jdk-14.0.2\bin\msvcp140.dll
0x00007ffcf8e00000 - 0x00007ffcf991e000 	C:\Program Files\Java\jdk-14.0.2\bin\server\jvm.dll
0x00007ffd42310000 - 0x00007ffd42318000 	C:\Windows\System32\PSAPI.DLL
0x00007ffd32b50000 - 0x00007ffd32b59000 	C:\Windows\SYSTEM32\WSOCK32.dll
0x00007ffd422a0000 - 0x00007ffd4230d000 	C:\Windows\System32\WS2_32.dll
0x00007ffd34200000 - 0x00007ffd34224000 	C:\Windows\SYSTEM32\WINMM.dll
0x00007ffd33d60000 - 0x00007ffd33d8d000 	C:\Windows\SYSTEM32\WINMMBASE.dll
0x00007ffd3f670000 - 0x00007ffd3f6ba000 	C:\Windows\System32\cfgmgr32.dll
0x00007ffd3e9e0000 - 0x00007ffd3e9f1000 	C:\Windows\System32\kernel.appcore.dll
0x00007ffd3b5d0000 - 0x00007ffd3b5da000 	C:\Program Files\Java\jdk-14.0.2\bin\jimage.dll
0x00007ffd372f0000 - 0x00007ffd374dd000 	C:\Windows\SYSTEM32\DBGHELP.DLL
0x00007ffd372c0000 - 0x00007ffd372ea000 	C:\Windows\SYSTEM32\dbgcore.DLL
0x00007ffd37960000 - 0x00007ffd3796e000 	C:\Program Files\Java\jdk-14.0.2\bin\instrument.dll
0x00007ffd16ca0000 - 0x00007ffd16cc5000 	C:\Program Files\Java\jdk-14.0.2\bin\java.dll
0x00007ffd27500000 - 0x00007ffd27516000 	C:\Program Files\Java\jdk-14.0.2\bin\zip.dll

dbghelp: loaded successfully - version: 4.0.5 - missing functions: none
symbol engine: initialized successfully - sym options: 0x614 - pdb path: .;C:\Program Files\Java\jdk-14.0.2\bin;C:\Windows\SYSTEM32;C:\Program Files\AVAST Software\Avast;C:\Windows\WinSxS\amd64_microsoft.windows.common-controls_6595b64144ccf1df_6.0.17763.1339_none_de7015e4534c7114;C:\Program Files\Java\jdk-14.0.2\bin\server

VM Arguments:
jvm_args: -javaagent:C:\Program Files\JetBrains\IntelliJ IDEA Community Edition 2020.1.3\lib\idea_rt.jar=64584:C:\Program Files\JetBrains\IntelliJ IDEA Community Edition 2020.1.3\bin -Dfile.encoding=UTF-8 
java_command: com.company.Main
java_class_path (initial): C:\Users\√»” »\IdeaProjects\Dog\out\production\untitled104
Launcher Type: SUN_STANDARD

[Global flags]
     intx CICompilerCount                          = 3                                         {product} {ergonomic}
     uint ConcGCThreads                            = 2                                         {product} {ergonomic}
     uint G1ConcRefinementThreads                  = 6                                         {product} {ergonomic}
   size_t G1HeapRegionSize                         = 1048576                                   {product} {ergonomic}
    uintx GCDrainStackTargetSize                   = 64                                        {product} {ergonomic}
   size_t InitialHeapSize                          = 268435456                                 {product} {ergonomic}
   size_t MarkStackSize                            = 4194304                                   {product} {ergonomic}
   size_t MaxHeapSize                              = 4280287232                                {product} {ergonomic}
   size_t MinHeapDeltaBytes                        = 1048576                                   {product} {ergonomic}
   size_t MinHeapSize                              = 8388608                                   {product} {ergonomic}
    uintx NonNMethodCodeHeapSize                   = 5832780                                {pd product} {ergonomic}
    uintx NonProfiledCodeHeapSize                  = 122912730                              {pd product} {ergonomic}
    uintx ProfiledCodeHeapSize                     = 122912730                              {pd product} {ergonomic}
    uintx ReservedCodeCacheSize                    = 251658240                              {pd product} {ergonomic}
     bool SegmentedCodeCache                       = true                                      {product} {ergonomic}
   size_t SoftMaxHeapSize                          = 4280287232                             {manageable} {ergonomic}
     bool UseCompressedClassPointers               = true                                 {lp64_product} {ergonomic}
     bool UseCompressedOops                        = true                                 {lp64_product} {ergonomic}
     bool UseG1GC                                  = true                                      {product} {ergonomic}
     bool UseLargePagesIndividualAllocation        = false                                  {pd product} {ergonomic}

Logging:
Log output configuration:
 #0: stdout all=warning uptime,level,tags
 #1: stderr all=off uptime,level,tags

Environment Variables:
JAVA_HOME=C:\Program Files\Java\jdk-14.0.2
PATH="C:\Program Files (x86)\Common Files\Oracle\Java\javapath;";C:\Windows\system32;C:\Windows;C:\Windows\System32\Wbem;C:\Windows\System32\WindowsPowerShell\v1.0\;C:\Windows\System32\OpenSSH\;C:\Program Files (x86)\AMD\ATI.ACE\Core-Static;C:\Program Files (x86)\Intel\Intel(R) Management Engine Components\DAL;C:\Program Files\Intel\Intel(R) Management Engine Components\DAL;C:\Program Files (x86)\ATI Technologies\ATI.ACE\Core-Static;C:\Program Files\dotnet\;C:\Program Files\Microsoft SQL Server\130\Tools\Binn\;C:\Program Files (x86)\Android SDK\tools;C:\Program Files (x86)\Android SDK\platform-tools;F:\Git\cmd;%M2%;C:\Program Files\Java\jdk-14.0.2\bin;C:\Program Files\apache-maven-3.6.3\bin;C:\Users\√»” »\AppData\Local\Microsoft\WindowsApps;
USERNAME=√»” »
OS=Windows_NT
PROCESSOR_IDENTIFIER=Intel64 Family 6 Model 158 Stepping 10, GenuineIntel



---------------  S Y S T E M  ---------------

OS: Windows 10 , 64 bit Build 17763 (10.0.17763.1339)
OS uptime: 1 days 23:39 hours

CPU:total 6 (initial active 6) (6 cores per cpu, 1 threads per core) family 6 model 158 stepping 10, cmov, cx8, fxsr, mmx, sse, sse2, sse3, ssse3, sse4.1, sse4.2, popcnt, avx, avx2, aes, clmul, erms, 3dnowpref, lzcnt, tsc, tscinvbit, bmi1, bmi2, adx, fma

Memory: 4k page, system-wide physical 16324M (5646M free)
TotalPageFile size 17124M (AvailPageFile size 152M)
current process WorkingSet (physical memory assigned to process): 10M, peak: 10M
current process commit charge ("private bytes"): 57M, peak: 313M

vm_info: Java HotSpot(TM) 64-Bit Server VM (14.0.2+12-46) for windows-amd64 JRE (14.0.2+12-46), built on Jul  9 2020 00:35:52 by "mach5one" with MS VC++ 15.9 (VS2017)

END.
